<?xml version="1.0" encoding="UTF-8"?>
<testsuite name="com.ph.tarantula.UrlUtilsKtTest" tests="1" skipped="0" failures="0" errors="0" timestamp="2018-11-13T08:05:03" hostname="Leons-MacBook-Pro.local" time="0.045">
  <properties/>
  <testcase name="testValidateUrl()" classname="com.ph.tarantula.UrlUtilsKtTest" time="0.045"/>
  <system-out><![CDATA[]]></system-out>
  <system-err><![CDATA[]]></system-err>
</testsuite>
